16:18:43 **** Incremental Build of configuration Release for project PIR ****
make all 
Invoking: Print Size
avr-size --format=avr --mcu=atmega2560 PIR.elf
AVR Memory Usage
----------------
Device: atmega2560

Program:     276 bytes (0.1% Full)
(.text + .data + .bootloader)

Data:          0 bytes (0.0% Full)
(.data + .bss + .noinit)


Finished building: sizedummy
 
Invoking: AVRDude
C:\Program Files\Arduino\hardware\tools\avr\bin\avrdude -pm2560 -cwiring -PCOM3 -b115200 -D -Uflash:w:PIR.hex:a

avrdude: AVR device initialized and ready to accept instructions

Reading | ################################################## | 100% 0.01s

avrdude: Device signature = 0x1e9801 (probably m2560)
avrdude: reading input file "PIR.hex"
avrdude: input file PIR.hex auto detected as Intel Hex
avrdude: writing flash (276 bytes):

Writing | ################################################## | 100% 0.08s

avrdude: 276 bytes of flash written
avrdude: verifying flash memory against PIR.hex:
avrdude: load data flash data from input file PIR.hex:
avrdude: input file PIR.hex auto detected as Intel Hex
avrdude: input file PIR.hex contains 276 bytes
avrdude: reading on-chip flash data:

Reading | ################################################## | 100% 0.07s

avrdude: verifying ...
avrdude: 276 bytes of flash verified

avrdude done.  Thank you.

Finished building: avrdudedummy
 

16:18:45 Build Finished (took 1s.217ms)

