12:31:54 **** Incremental Build of configuration Release for project SwitchLED ****
make all 
Invoking: Print Size
avr-size --format=avr --mcu=atmega2560 SwitchLED.elf
AVR Memory Usage
----------------
Device: atmega2560

Program:     292 bytes (0.1% Full)
(.text + .data + .bootloader)

Data:          0 bytes (0.0% Full)
(.data + .bss + .noinit)


Finished building: sizedummy
 
Invoking: AVRDude
C:\Program Files\Arduino\hardware\tools\avr\bin\avrdude -pm2560 -cwiring -PCOM3 -b115200 -D -Uflash:w:SwitchLED.hex:a

avrdude: AVR device initialized and ready to accept instructions

Reading | ################################################## | 100% -0.00s

avrdude: Device signature = 0x1e9801 (probably m2560)
avrdude: reading input file "SwitchLED.hex"
avrdude: input file SwitchLED.hex auto detected as Intel Hex
avrdude: writing flash (292 bytes):

Writing | ################################################## | 100% 0.08s

avrdude: 292 bytes of flash written
avrdude: verifying flash memory against SwitchLED.hex:
avrdude: load data flash data from input file SwitchLED.hex:
avrdude: input file SwitchLED.hex auto detected as Intel Hex
avrdude: input file SwitchLED.hex contains 292 bytes
avrdude: reading on-chip flash data:

Reading | ################################################## | 100% 0.07s

avrdude: verifying ...
avrdude: 292 bytes of flash verified

avrdude done.  Thank you.

Finished building: avrdudedummy
 

12:31:54 Build Finished (took 806ms)

